
[INFO]: applying "" beautiful-discord theme...

[INFO]: applying "Gruvbox-Gold" spicetify theme...
[32msuccess[0m Config changed: current_theme = Gruvbox-Gold
[34minfo[0m Run "spicetify apply" to apply new config
[1mspicetify v0.9.9[0m
[1mOverwriting themed assets:[0m
[32mOK[0m
[1mTransferring user.css:[0m
[32mOK[0m
[1mApplying additional modifications:[0m
[32mOK[0m
[32msuccess[0m Spotify is spiced up!
Found Discord under /opt/discord
Reverted changes, no more CSS hot-reload :(
/home/zodd/Documents/git-lab/dotfiles/setup-scripts/set-discord-theme.sh: line 18: 69947 Killed                  discord > /dev/null
Traceback (most recent call last):
  File "/usr/lib/python3.8/runpy.py", line 194, in _run_module_as_main
    return _run_code(code, main_globals, None,
  File "/usr/lib/python3.8/runpy.py", line 87, in _run_code
    exec(code, run_globals)
  File "/home/zodd/.local/lib/python3.8/site-packages/beautifuldiscord/__main__.py", line 3, in <module>
    main()
  File "/home/zodd/.local/lib/python3.8/site-packages/beautifuldiscord/app.py", line 235, in main
    discord.terminate()
  File "/home/zodd/.local/lib/python3.8/site-packages/beautifuldiscord/app.py", line 21, in terminate
    process.kill()
  File "/home/zodd/.local/lib/python3.8/site-packages/psutil/__init__.py", line 291, in wrapper
    raise NoSuchProcess(self.pid, self._name)
psutil.NoSuchProcess: psutil.NoSuchProcess process no longer exists (pid=70480)
Found Discord under /opt/discord
discord: no process found
desktop: Unknown command: '--follow'.

[INFO]: applying "" beautiful-discord theme...

[INFO]: applying "Nord" spicetify theme...
[32msuccess[0m Config changed: current_theme = Nord
[34minfo[0m Run "spicetify apply" to apply new config
[1mspicetify v0.9.9[0m
[1mOverwriting themed assets:[0m
[32mOK[0m
[1mTransferring user.css:[0m
[32mOK[0m
[1mApplying additional modifications:[0m
[32mOK[0m
[32msuccess[0m Spotify is spiced up!
Found Discord under /opt/discord
Reverted changes, no more CSS hot-reload :(
/home/zodd/Documents/git-lab/dotfiles/setup-scripts/set-discord-theme.sh: line 18: 73043 Killed                  discord > /dev/null
Found Discord under /opt/discord
asar already extracted, overwrite? (Y/n): Traceback (most recent call last):
  File "/home/zodd/.local/lib/python3.8/site-packages/beautifuldiscord/app.py", line 110, in extract_asar
    a.extract('./core')
  File "/home/zodd/.local/lib/python3.8/site-packages/beautifuldiscord/asar.py", line 305, in extract
    raise FileExistsError()
FileExistsError

During handling of the above exception, another exception occurred:

Traceback (most recent call last):
  File "/usr/lib/python3.8/runpy.py", line 194, in _run_module_as_main
    return _run_code(code, main_globals, None,
  File "/usr/lib/python3.8/runpy.py", line 87, in _run_code
    exec(code, run_globals)
  File "/home/zodd/.local/lib/python3.8/site-packages/beautifuldiscord/__main__.py", line 3, in <module>
    main()
  File "/home/zodd/.local/lib/python3.8/site-packages/beautifuldiscord/app.py", line 244, in main
    if not extract_asar():
  File "/home/zodd/.local/lib/python3.8/site-packages/beautifuldiscord/app.py", line 112, in extract_asar
    answer = input('asar already extracted, overwrite? (Y/n): ')
EOFError: EOF when reading a line
discord: no process found
desktop: Unknown command: '--follow'.

[INFO]: applying "Gruvbox-Gold" spicetify theme...

[INFO]: applying "" beautiful-discord theme...
[32msuccess[0m Config changed: current_theme = Gruvbox-Gold
[34minfo[0m Run "spicetify apply" to apply new config
[1mspicetify v0.9.9[0m
[1mOverwriting themed assets:[0m
[32mOK[0m
[1mTransferring user.css:[0m
[32mOK[0m
[1mApplying additional modifications:[0m
[32mOK[0m
[32msuccess[0m Spotify is spiced up!
Traceback (most recent call last):
  File "/usr/lib/python3.8/runpy.py", line 194, in _run_module_as_main
    return _run_code(code, main_globals, None,
  File "/usr/lib/python3.8/runpy.py", line 87, in _run_code
    exec(code, run_globals)
  File "/home/zodd/.local/lib/python3.8/site-packages/beautifuldiscord/__main__.py", line 3, in <module>
    main()
  File "/home/zodd/.local/lib/python3.8/site-packages/beautifuldiscord/app.py", line 235, in main
    discord.terminate()
  File "/home/zodd/.local/lib/python3.8/site-packages/beautifuldiscord/app.py", line 21, in terminate
    process.kill()
  File "/home/zodd/.local/lib/python3.8/site-packages/psutil/__init__.py", line 291, in wrapper
    raise NoSuchProcess(self.pid, self._name)
psutil.NoSuchProcess: psutil.NoSuchProcess process no longer exists (pid=75013)
Found Discord under /opt/discord
[75816:0908/170524.632641:ERROR:gles2_cmd_decoder.cc(2793)] [GroupMarkerNotSet(crbug.com/242999)!:B003ADD6A01B0000]GL ERROR :GL_INVALID_OPERATION : BackFramebuffer::Create: <- error from previous GL command
[75816:0908/170525.318921:ERROR:buffer_manager.cc(488)] [.DisplayCompositor]GL ERROR :GL_INVALID_OPERATION : glBufferData: <- error from previous GL command
Found Discord under /opt/discord
info: preload script has already been injected, exiting
/home/zodd/Documents/git-lab/dotfiles/setup-scripts/set-discord-theme.sh: line 20: 75727 Killed                  discord > /dev/null
discord: no process found
desktop: Unknown command: '--follow'.

[INFO]: applying "Nord" spicetify theme...

[INFO]: applying "" beautiful-discord theme...
[32msuccess[0m Config changed: current_theme = Nord
[34minfo[0m Run "spicetify apply" to apply new config
[1mspicetify v0.9.9[0m
[1mOverwriting themed assets:[0m
[32mOK[0m
[1mTransferring user.css:[0m
[32mOK[0m
[1mApplying additional modifications:[0m
[32mOK[0m
[32msuccess[0m Spotify is spiced up!
Traceback (most recent call last):
  File "/usr/lib/python3.8/runpy.py", line 194, in _run_module_as_main
    return _run_code(code, main_globals, None,
  File "/usr/lib/python3.8/runpy.py", line 87, in _run_code
    exec(code, run_globals)
  File "/home/zodd/.local/lib/python3.8/site-packages/beautifuldiscord/__main__.py", line 3, in <module>
    main()
  File "/home/zodd/.local/lib/python3.8/site-packages/beautifuldiscord/app.py", line 235, in main
    discord.terminate()
  File "/home/zodd/.local/lib/python3.8/site-packages/beautifuldiscord/app.py", line 21, in terminate
    process.kill()
  File "/home/zodd/.local/lib/python3.8/site-packages/psutil/__init__.py", line 291, in wrapper
    raise NoSuchProcess(self.pid, self._name)
psutil.NoSuchProcess: psutil.NoSuchProcess process no longer exists (pid=83405)
Found Discord under /opt/discord
/home/zodd/Documents/git-lab/dotfiles/setup-scripts/set-discord-theme.sh: line 18: 83385 Killed                  discord > /dev/null
Could not find Discord executable.
discord: no process found
desktop: Unknown command: '--follow'.


[INFO]: applying "" beautiful-discord theme...
[INFO]: applying "Gruvbox-Gold" spicetify theme...
[32msuccess[0m Config changed: current_theme = Gruvbox-Gold
[34minfo[0m Run "spicetify apply" to apply new config
[1mspicetify v0.9.9[0m
[1mOverwriting themed assets:[0m
[32mOK[0m
[1mTransferring user.css:[0m
[32mOK[0m
[1mApplying additional modifications:[0m
[32mOK[0m
[32msuccess[0m Spotify is spiced up!
[86327:0908/173116.085212:ERROR:buffer_manager.cc(488)] [.DisplayCompositor]GL ERROR :GL_INVALID_OPERATION : glBufferData: <- error from previous GL command
Found Discord under /opt/discord
Reverted changes, no more CSS hot-reload :(
/home/zodd/Documents/git-lab/dotfiles/setup-scripts/set-discord-theme.sh: line 18: 86202 Killed                  discord > /dev/null
Found Discord under /opt/discord
asar already extracted, overwrite? (Y/n): Traceback (most recent call last):
  File "/home/zodd/.local/lib/python3.8/site-packages/beautifuldiscord/app.py", line 110, in extract_asar
    a.extract('./core')
  File "/home/zodd/.local/lib/python3.8/site-packages/beautifuldiscord/asar.py", line 305, in extract
    raise FileExistsError()
FileExistsError

During handling of the above exception, another exception occurred:

Traceback (most recent call last):
  File "/usr/lib/python3.8/runpy.py", line 194, in _run_module_as_main
    return _run_code(code, main_globals, None,
  File "/usr/lib/python3.8/runpy.py", line 87, in _run_code
    exec(code, run_globals)
  File "/home/zodd/.local/lib/python3.8/site-packages/beautifuldiscord/__main__.py", line 3, in <module>
    main()
  File "/home/zodd/.local/lib/python3.8/site-packages/beautifuldiscord/app.py", line 244, in main
    if not extract_asar():
  File "/home/zodd/.local/lib/python3.8/site-packages/beautifuldiscord/app.py", line 112, in extract_asar
    answer = input('asar already extracted, overwrite? (Y/n): ')
EOFError: EOF when reading a line
discord: no process found
desktop: Unknown command: '--follow'.


[INFO]: applying "" beautiful-discord theme...
[INFO]: applying "Nord" spicetify theme...
[32msuccess[0m Config changed: current_theme = Nord
[34minfo[0m Run "spicetify apply" to apply new config
[1mspicetify v0.9.9[0m
[1mOverwriting themed assets:[0m
[32mOK[0m
[1mTransferring user.css:[0m
[32mOK[0m
[1mApplying additional modifications:[0m
[32mOK[0m
[32msuccess[0m Spotify is spiced up!
Traceback (most recent call last):
  File "/home/zodd/.local/lib/python3.8/site-packages/psutil/__init__.py", line 1192, in _send_signal
    os.kill(self.pid, sig)
ProcessLookupError: [Errno 3] No such process

During handling of the above exception, another exception occurred:

Traceback (most recent call last):
  File "/usr/lib/python3.8/runpy.py", line 194, in _run_module_as_main
    return _run_code(code, main_globals, None,
  File "/usr/lib/python3.8/runpy.py", line 87, in _run_code
    exec(code, run_globals)
  File "/home/zodd/.local/lib/python3.8/site-packages/beautifuldiscord/__main__.py", line 3, in <module>
    main()
  File "/home/zodd/.local/lib/python3.8/site-packages/beautifuldiscord/app.py", line 235, in main
    discord.terminate()
  File "/home/zodd/.local/lib/python3.8/site-packages/beautifuldiscord/app.py", line 21, in terminate
    process.kill()
  File "/home/zodd/.local/lib/python3.8/site-packages/psutil/__init__.py", line 292, in wrapper
    return fun(self, *args, **kwargs)
  File "/home/zodd/.local/lib/python3.8/site-packages/psutil/__init__.py", line 1255, in kill
    self._send_signal(signal.SIGKILL)
  File "/home/zodd/.local/lib/python3.8/site-packages/psutil/__init__.py", line 1200, in _send_signal
    raise NoSuchProcess(self.pid, self._name)
psutil.NoSuchProcess: psutil.NoSuchProcess process no longer exists (pid=88210)
Found Discord under /opt/discord
/home/zodd/Documents/git-lab/dotfiles/setup-scripts/set-discord-theme.sh: line 18: 88198 Killed                  discord > /dev/null
Could not find Discord executable.
discord: no process found
desktop: Unknown command: '--follow'.


[INFO]: applying "" beautiful-discord theme...
[INFO]: applying "Gruvbox-Gold" spicetify theme...
[32msuccess[0m Config changed: current_theme = Gruvbox-Gold
[34minfo[0m Run "spicetify apply" to apply new config
[1mspicetify v0.9.9[0m
[1mOverwriting themed assets:[0m
[32mOK[0m
[1mTransferring user.css:[0m
[32mOK[0m
[1mApplying additional modifications:[0m
[32mOK[0m
[32msuccess[0m Spotify is spiced up!
[97544:0908/175922.111571:ERROR:buffer_manager.cc(488)] [.DisplayCompositor]GL ERROR :GL_INVALID_OPERATION : glBufferData: <- error from previous GL command
Found Discord under /opt/discord
Reverted changes, no more CSS hot-reload :(
/home/zodd/Documents/git-lab/dotfiles/setup-scripts/set-discord-theme.sh: line 19: 97415 Killed                  discord > /dev/null
Found Discord under /opt/discord
asar already extracted, overwrite? (Y/n): Traceback (most recent call last):
  File "/home/zodd/.local/lib/python3.8/site-packages/beautifuldiscord/app.py", line 110, in extract_asar
    a.extract('./core')
  File "/home/zodd/.local/lib/python3.8/site-packages/beautifuldiscord/asar.py", line 305, in extract
    raise FileExistsError()
FileExistsError

During handling of the above exception, another exception occurred:

Traceback (most recent call last):
  File "/usr/lib/python3.8/runpy.py", line 194, in _run_module_as_main
    return _run_code(code, main_globals, None,
  File "/usr/lib/python3.8/runpy.py", line 87, in _run_code
    exec(code, run_globals)
  File "/home/zodd/.local/lib/python3.8/site-packages/beautifuldiscord/__main__.py", line 3, in <module>
    main()
  File "/home/zodd/.local/lib/python3.8/site-packages/beautifuldiscord/app.py", line 244, in main
    if not extract_asar():
  File "/home/zodd/.local/lib/python3.8/site-packages/beautifuldiscord/app.py", line 112, in extract_asar
    answer = input('asar already extracted, overwrite? (Y/n): ')
EOFError: EOF when reading a line
discord: no process found
desktop: Unknown command: '--follow'.

[INFO]: applying "" beautiful-discord theme...

[INFO]: applying "Nord" spicetify theme...
[32msuccess[0m Config changed: current_theme = Nord
[34minfo[0m Run "spicetify apply" to apply new config
[1mspicetify v0.9.9[0m
[1mOverwriting themed assets:[0m
[32mOK[0m
[1mTransferring user.css:[0m
[32mOK[0m
[1mApplying additional modifications:[0m
[32mOK[0m
[32msuccess[0m Spotify is spiced up!
Found Discord under /opt/discord
Reverted changes, no more CSS hot-reload :(
/home/zodd/Documents/git-lab/dotfiles/setup-scripts/set-discord-theme.sh: line 18: 102449 Killed                  discord > /dev/null
Found Discord under /opt/discord

Done!

You may now edit your /home/zodd/.config/discord/themes/Nord/discord-nord.css file,
which will be reloaded whenever it's saved.

Relaunching Discord now...
discord: no process found
desktop: Unknown command: '--follow'.
